<?xml version="1.0" encoding="utf-8"?><testsuites name="pytest tests"><testsuite name="pytest" errors="0" failures="1" skipped="0" tests="87" time="30.186" timestamp="2026-05-28T15:27:01.543703+00:00" hostname="agent-env-6c8fc46d-1a05-4367-ada2-0d889275d8f7"><testcase classname="backend.tests.backend_test.TestAuth" name="test_login_admin_returns_token_and_user" time="0.375" /><testcase classname="backend.tests.backend_test.TestAuth" name="test_login_other_roles[pengawas]" time="0.336" /><testcase classname="backend.tests.backend_test.TestAuth" name="test_login_other_roles[kepala_sekolah]" time="0.359" /><testcase classname="backend.tests.backend_test.TestAuth" name="test_login_other_roles[guru]" time="0.334" /><testcase classname="backend.tests.backend_test.TestAuth" name="test_login_wrong_password_returns_401" time="0.326" /><testcase classname="backend.tests.backend_test.TestAuth" name="test_login_unknown_email_returns_401" time="0.141" /><testcase classname="backend.tests.backend_test.TestAuth" name="test_me_with_valid_token" time="1.471" /><testcase classname="backend.tests.backend_test.TestAuth" name="test_me_without_token" time="0.127" /><testcase classname="backend.tests.backend_test.TestDashboardStats" name="test_admin_stats" time="0.123" /><testcase classname="backend.tests.backend_test.TestDashboardStats" name="test_pengawas_stats" time="0.127" /><testcase classname="backend.tests.backend_test.TestDashboardStats" name="test_kepala_sekolah_stats" time="0.125" /><testcase classname="backend.tests.backend_test.TestDashboardStats" name="test_guru_stats" time="0.112" /><testcase classname="backend.tests.backend_test.TestUsers" name="test_list_users_admin_only" time="0.110" /><testcase classname="backend.tests.backend_test.TestUsers" name="test_list_users_forbidden_other_roles[pengawas]" time="0.107" /><testcase classname="backend.tests.backend_test.TestUsers" name="test_list_users_forbidden_other_roles[kepala_sekolah]" time="0.118" /><testcase classname="backend.tests.backend_test.TestUsers" name="test_list_users_forbidden_other_roles[guru]" time="0.114" /><testcase classname="backend.tests.backend_test.TestUsers" name="test_create_update_delete_user_persistence" time="1.028" /><testcase classname="backend.tests.backend_test.TestUsers" name="test_cannot_delete_self" time="0.221" /><testcase classname="backend.tests.backend_test.TestSchools" name="test_list_schools_all_roles" time="0.486" /><testcase classname="backend.tests.backend_test.TestSchools" name="test_admin_crud_school" time="0.408" /><testcase classname="backend.tests.backend_test.TestSchools" name="test_non_admin_cannot_create_school" time="0.338" /><testcase classname="backend.tests.backend_test.TestTeachers" name="test_admin_sees_all" time="0.121" /><testcase classname="backend.tests.backend_test.TestTeachers" name="test_guru_sees_only_self" time="0.120" /><testcase classname="backend.tests.backend_test.TestTeachers" name="test_kepala_sekolah_sees_school_teachers" time="0.115" /><testcase classname="backend.tests.backend_test.TestTeachers" name="test_pengawas_sees_wilayah" time="0.119" /><testcase classname="backend.tests.backend_test.TestTeachers" name="test_non_admin_cannot_create_teacher" time="0.333" /><testcase classname="backend.tests.backend_test.TestSupervisorsPrincipals" name="test_supervisors_admin_list" time="0.104" /><testcase classname="backend.tests.backend_test.TestSupervisorsPrincipals" name="test_supervisors_forbidden_guru_kepsek" time="0.318" /><testcase classname="backend.tests.backend_test.TestSupervisorsPrincipals" name="test_principals_kepsek_sees_self" time="0.114" /><testcase classname="backend.tests.backend_test.TestSupervisorsPrincipals" name="test_principals_guru_forbidden" time="0.112" /><testcase classname="backend.tests.backend_test.TestPermissions" name="test_list_permissions_4_roles_x_7_menus" time="0.115" /><testcase classname="backend.tests.backend_test.TestPermissions" name="test_permissions_readable_by_all" time="0.445" /><testcase classname="backend.tests.backend_test.TestPermissions" name="test_update_permission_admin_only" time="0.346" /><testcase classname="backend.tests.backend_test.TestProfile" name="test_guru_profile" time="0.105" /><testcase classname="backend.tests.test_phase2.TestSeed" name="test_seed_academic_year" time="1.512" /><testcase classname="backend.tests.test_phase2.TestSeed" name="test_seed_semesters" time="0.115" /><testcase classname="backend.tests.test_phase2.TestSeed" name="test_seed_active_period" time="0.106" /><testcase classname="backend.tests.test_phase2.TestSeed" name="test_seed_categories" time="0.122" /><testcase classname="backend.tests.test_phase2.TestSeed" name="test_seed_aspects_count_18" time="1.303" /><testcase classname="backend.tests.test_phase2.TestAcademicYears" name="test_non_admin_sees_active_only" time="0.122" /><testcase classname="backend.tests.test_phase2.TestAcademicYears" name="test_admin_crud" time="0.455" /><testcase classname="backend.tests.test_phase2.TestAcademicYears" name="test_non_admin_cannot_create" time="0.399" /><testcase classname="backend.tests.test_phase2.TestAcademicYears" name="test_delete_year_in_use_forbidden" time="0.210" /><testcase classname="backend.tests.test_phase2.TestSemesters" name="test_non_admin_sees_active_only" time="0.114" /><testcase classname="backend.tests.test_phase2.TestSemesters" name="test_admin_crud_with_unique_validation" time="0.404" /><testcase classname="backend.tests.test_phase2.TestAssessmentPeriods" name="test_non_admin_sees_only_active" time="0.131" /><testcase classname="backend.tests.test_phase2.TestAssessmentPeriods" name="test_active_endpoint_returns_names" time="0.104" /><testcase classname="backend.tests.test_phase2.TestAssessmentPeriods" name="test_create_period_uniqueness_and_activation" time="1.495" /><testcase classname="backend.tests.test_phase2.TestAssessmentPeriods" name="test_non_admin_cannot_activate" time="0.219" /><testcase classname="backend.tests.test_phase2.TestObservationCategories" name="test_admin_crud_and_unique" time="0.391" /><testcase classname="backend.tests.test_phase2.TestObservationCategories" name="test_delete_category_with_aspects_forbidden" time="4.727"><failure message="assert 503 == 400&#10; +  where 503 = &lt;Response [503]&gt;.status_code">E   assert 503 == 400
     +  where 503 = &lt;Response [503]&gt;.status_code</failure></testcase><testcase classname="backend.tests.test_phase2.TestObservationCategories" name="test_non_admin_sees_active_only" time="0.147" /><testcase classname="backend.tests.test_phase2.TestObservationAspects" name="test_create_validation" time="0.333" /><testcase classname="backend.tests.test_phase2.TestObservationAspects" name="test_admin_crud_and_nonaktif_hidden_from_guru" time="0.860" /><testcase classname="backend.tests.test_phase2.TestObservationAspects" name="test_non_admin_cannot_create" time="0.366" /><testcase classname="backend.tests.test_phase2.TestAudit" name="test_audit_logged_on_create_year" time="0.235" /><testcase classname="backend.tests.test_phase3.TestSeedPhase3" name="test_two_assignments_seeded" time="2.081" /><testcase classname="backend.tests.test_phase3.TestSeedPhase3" name="test_seed_status_belum_dimulai" time="0.107" /><testcase classname="backend.tests.test_phase3.TestListRBAC" name="test_admin_sees_all" time="0.113" /><testcase classname="backend.tests.test_phase3.TestListRBAC" name="test_pengawas_sees_only_self_assigned" time="0.585" /><testcase classname="backend.tests.test_phase3.TestListRBAC" name="test_kepsek_sees_only_own_school" time="0.104" /><testcase classname="backend.tests.test_phase3.TestListRBAC" name="test_guru_sees_only_self" time="0.108" /><testcase classname="backend.tests.test_phase3.TestListRBAC" name="test_guru3_no_assignment" time="0.119" /><testcase classname="backend.tests.test_phase3.TestAssignmentsMe" name="test_me_returns_shape" time="0.103" /><testcase classname="backend.tests.test_phase3.TestAssignmentsMe" name="test_me_guru3_empty" time="0.132" /><testcase classname="backend.tests.test_phase3.TestCreateRBACValidations" name="test_pengawas_forbidden_create" time="0.112" /><testcase classname="backend.tests.test_phase3.TestCreateRBACValidations" name="test_guru_forbidden_create" time="0.106" /><testcase classname="backend.tests.test_phase3.TestCreateRBACValidations" name="test_duplicate_penilaian_utama_blocked" time="0.100" /><testcase classname="backend.tests.test_phase3.TestCreateRBACValidations" name="test_invalid_assessor_role" time="0.105" /><testcase classname="backend.tests.test_phase3.TestCreateRBACValidations" name="test_kepsek_cannot_assign_outside_school" time="0.111" /><testcase classname="backend.tests.test_phase3.TestCreateRBACValidations" name="test_kepsek_as_assessor_school_mismatch" time="0.113" /><testcase classname="backend.tests.test_phase3.TestCreateRBACValidations" name="test_teacher_not_found" time="0.112" /><testcase classname="backend.tests.test_phase3.TestAdminCRUD" name="test_admin_create_for_rudi_and_cleanup" time="0.462" /><testcase classname="backend.tests.test_phase3.TestStartFlow" name="test_guru_cannot_start" time="0.211" /><testcase classname="backend.tests.test_phase3.TestStartFlow" name="test_other_assessor_cannot_start" time="0.265" /><testcase classname="backend.tests.test_phase3.TestStartFlow" name="test_assessor_can_start_then_cannot_restart" time="0.465" /><testcase classname="backend.tests.test_phase3.TestDashboardStats" name="test_admin_stats_have_phase3_fields" time="0.110" /><testcase classname="backend.tests.test_phase3.TestDashboardStats" name="test_pengawas_stats" time="0.106" /><testcase classname="backend.tests.test_phase3.TestDashboardStats" name="test_kepsek_stats" time="0.098" /><testcase classname="backend.tests.test_phase3.TestDashboardStats" name="test_guru_stats_has_my_assignment" time="0.108" /><testcase classname="backend.tests.test_phase3.TestDashboardStats" name="test_guru3_stats_no_assignment" time="0.109" /><testcase classname="backend.tests.test_phase3.TestPhase1And2Smoke" name="test_login_all_roles" time="0.000" /><testcase classname="backend.tests.test_phase3.TestPhase1And2Smoke" name="test_users_list_admin" time="0.106" /><testcase classname="backend.tests.test_phase3.TestPhase1And2Smoke" name="test_schools_list" time="0.102" /><testcase classname="backend.tests.test_phase3.TestPhase1And2Smoke" name="test_teachers_list" time="0.132" /><testcase classname="backend.tests.test_phase3.TestPhase1And2Smoke" name="test_active_period_endpoint_still_works" time="0.112" /><testcase classname="backend.tests.test_phase3.TestPhase1And2Smoke" name="test_observation_categories_and_aspects" time="0.253" /></testsuite></testsuites>