<?xml version="1.0" encoding="utf-8"?><testsuites name="pytest tests"><testsuite name="pytest" errors="0" failures="0" skipped="0" tests="34" time="9.221" timestamp="2026-05-28T05:56:08.604629+00:00" hostname="agent-env-6c8fc46d-1a05-4367-ada2-0d889275d8f7"><testcase classname="backend.tests.backend_test.TestAuth" name="test_login_admin_returns_token_and_user" time="0.427" /><testcase classname="backend.tests.backend_test.TestAuth" name="test_login_other_roles[pengawas]" time="0.326" /><testcase classname="backend.tests.backend_test.TestAuth" name="test_login_other_roles[kepala_sekolah]" time="0.404" /><testcase classname="backend.tests.backend_test.TestAuth" name="test_login_other_roles[guru]" time="0.366" /><testcase classname="backend.tests.backend_test.TestAuth" name="test_login_wrong_password_returns_401" time="0.365" /><testcase classname="backend.tests.backend_test.TestAuth" name="test_login_unknown_email_returns_401" time="0.099" /><testcase classname="backend.tests.backend_test.TestAuth" name="test_me_with_valid_token" time="1.567" /><testcase classname="backend.tests.backend_test.TestAuth" name="test_me_without_token" time="0.096" /><testcase classname="backend.tests.backend_test.TestDashboardStats" name="test_admin_stats" time="0.119" /><testcase classname="backend.tests.backend_test.TestDashboardStats" name="test_pengawas_stats" time="0.101" /><testcase classname="backend.tests.backend_test.TestDashboardStats" name="test_kepala_sekolah_stats" time="0.135" /><testcase classname="backend.tests.backend_test.TestDashboardStats" name="test_guru_stats" time="0.109" /><testcase classname="backend.tests.backend_test.TestUsers" name="test_list_users_admin_only" time="0.109" /><testcase classname="backend.tests.backend_test.TestUsers" name="test_list_users_forbidden_other_roles[pengawas]" time="0.101" /><testcase classname="backend.tests.backend_test.TestUsers" name="test_list_users_forbidden_other_roles[kepala_sekolah]" time="0.107" /><testcase classname="backend.tests.backend_test.TestUsers" name="test_list_users_forbidden_other_roles[guru]" time="0.148" /><testcase classname="backend.tests.backend_test.TestUsers" name="test_create_update_delete_user_persistence" time="0.899" /><testcase classname="backend.tests.backend_test.TestUsers" name="test_cannot_delete_self" time="0.229" /><testcase classname="backend.tests.backend_test.TestSchools" name="test_list_schools_all_roles" time="0.451" /><testcase classname="backend.tests.backend_test.TestSchools" name="test_admin_crud_school" time="0.307" /><testcase classname="backend.tests.backend_test.TestSchools" name="test_non_admin_cannot_create_school" time="0.337" /><testcase classname="backend.tests.backend_test.TestTeachers" name="test_admin_sees_all" time="0.098" /><testcase classname="backend.tests.backend_test.TestTeachers" name="test_guru_sees_only_self" time="0.102" /><testcase classname="backend.tests.backend_test.TestTeachers" name="test_kepala_sekolah_sees_school_teachers" time="0.103" /><testcase classname="backend.tests.backend_test.TestTeachers" name="test_pengawas_sees_wilayah" time="0.105" /><testcase classname="backend.tests.backend_test.TestTeachers" name="test_non_admin_cannot_create_teacher" time="0.341" /><testcase classname="backend.tests.backend_test.TestSupervisorsPrincipals" name="test_supervisors_admin_list" time="0.102" /><testcase classname="backend.tests.backend_test.TestSupervisorsPrincipals" name="test_supervisors_forbidden_guru_kepsek" time="0.204" /><testcase classname="backend.tests.backend_test.TestSupervisorsPrincipals" name="test_principals_kepsek_sees_self" time="0.118" /><testcase classname="backend.tests.backend_test.TestSupervisorsPrincipals" name="test_principals_guru_forbidden" time="0.097" /><testcase classname="backend.tests.backend_test.TestPermissions" name="test_list_permissions_4_roles_x_7_menus" time="0.106" /><testcase classname="backend.tests.backend_test.TestPermissions" name="test_permissions_readable_by_all" time="0.436" /><testcase classname="backend.tests.backend_test.TestPermissions" name="test_update_permission_admin_only" time="0.313" /><testcase classname="backend.tests.backend_test.TestProfile" name="test_guru_profile" time="0.102" /></testsuite></testsuites>