<?xml version="1.0" encoding="utf-8"?><testsuites name="pytest tests"><testsuite name="pytest" errors="0" failures="1" skipped="0" tests="31" time="10.810" timestamp="2026-05-28T15:26:21.515126+00:00" hostname="agent-env-6c8fc46d-1a05-4367-ada2-0d889275d8f7"><testcase classname="backend.tests.test_phase3.TestSeedPhase3" name="test_two_assignments_seeded" time="2.460" /><testcase classname="backend.tests.test_phase3.TestSeedPhase3" name="test_seed_status_belum_dimulai" time="3.361" /><testcase classname="backend.tests.test_phase3.TestListRBAC" name="test_admin_sees_all" time="0.137" /><testcase classname="backend.tests.test_phase3.TestListRBAC" name="test_pengawas_sees_only_self_assigned" time="0.663" /><testcase classname="backend.tests.test_phase3.TestListRBAC" name="test_kepsek_sees_only_own_school" time="0.110" /><testcase classname="backend.tests.test_phase3.TestListRBAC" name="test_guru_sees_only_self" time="0.108" /><testcase classname="backend.tests.test_phase3.TestListRBAC" name="test_guru3_no_assignment" time="0.108" /><testcase classname="backend.tests.test_phase3.TestAssignmentsMe" name="test_me_returns_shape" time="0.115" /><testcase classname="backend.tests.test_phase3.TestAssignmentsMe" name="test_me_guru3_empty" time="0.109" /><testcase classname="backend.tests.test_phase3.TestCreateRBACValidations" name="test_pengawas_forbidden_create" time="0.153" /><testcase classname="backend.tests.test_phase3.TestCreateRBACValidations" name="test_guru_forbidden_create" time="0.121" /><testcase classname="backend.tests.test_phase3.TestCreateRBACValidations" name="test_duplicate_penilaian_utama_blocked" time="0.120" /><testcase classname="backend.tests.test_phase3.TestCreateRBACValidations" name="test_invalid_assessor_role" time="0.107" /><testcase classname="backend.tests.test_phase3.TestCreateRBACValidations" name="test_kepsek_cannot_assign_outside_school" time="0.115"><failure message="assert 400 == 403&#10; +  where 400 = &lt;Response [400]&gt;.status_code">backend/tests/test_phase3.py:190: in test_kepsek_cannot_assign_outside_school
    assert r.status_code == 403
E   assert 400 == 403
E    +  where 400 = &lt;Response [400]&gt;.status_code</failure></testcase><testcase classname="backend.tests.test_phase3.TestCreateRBACValidations" name="test_kepsek_as_assessor_school_mismatch" time="0.109" /><testcase classname="backend.tests.test_phase3.TestCreateRBACValidations" name="test_teacher_not_found" time="0.104" /><testcase classname="backend.tests.test_phase3.TestAdminCRUD" name="test_admin_create_for_rudi_and_cleanup" time="0.454" /><testcase classname="backend.tests.test_phase3.TestStartFlow" name="test_guru_cannot_start" time="0.211" /><testcase classname="backend.tests.test_phase3.TestStartFlow" name="test_other_assessor_cannot_start" time="0.212" /><testcase classname="backend.tests.test_phase3.TestStartFlow" name="test_assessor_can_start_then_cannot_restart" time="0.443" /><testcase classname="backend.tests.test_phase3.TestDashboardStats" name="test_admin_stats_have_phase3_fields" time="0.124" /><testcase classname="backend.tests.test_phase3.TestDashboardStats" name="test_pengawas_stats" time="0.123" /><testcase classname="backend.tests.test_phase3.TestDashboardStats" name="test_kepsek_stats" time="0.103" /><testcase classname="backend.tests.test_phase3.TestDashboardStats" name="test_guru_stats_has_my_assignment" time="0.107" /><testcase classname="backend.tests.test_phase3.TestDashboardStats" name="test_guru3_stats_no_assignment" time="0.106" /><testcase classname="backend.tests.test_phase3.TestPhase1And2Smoke" name="test_login_all_roles" time="0.000" /><testcase classname="backend.tests.test_phase3.TestPhase1And2Smoke" name="test_users_list_admin" time="0.111" /><testcase classname="backend.tests.test_phase3.TestPhase1And2Smoke" name="test_schools_list" time="0.105" /><testcase classname="backend.tests.test_phase3.TestPhase1And2Smoke" name="test_teachers_list" time="0.126" /><testcase classname="backend.tests.test_phase3.TestPhase1And2Smoke" name="test_active_period_endpoint_still_works" time="0.104" /><testcase classname="backend.tests.test_phase3.TestPhase1And2Smoke" name="test_observation_categories_and_aspects" time="0.254" /></testsuite></testsuites>